<?xml version="1.0" encoding="UTF-8"?>
<!-- Generated by org.testng.reporters.JUnitXMLReporter -->
<testsuite hostname="LAPTOP-BDUQHCS1" ignored="0" name="Assignment No-5" tests="67" failures="0" timestamp="2021-06-03T12:35:52 IST" time="290.786" errors="0">
  <testcase name="launchBrowser" time="1.98" classname="com.sgtesting.assignment6.Scenario1"/>
  <testcase name="navigate" time="2.717" classname="com.sgtesting.assignment6.Scenario1"/>
  <testcase name="login" time="4.237" classname="com.sgtesting.assignment6.Scenario1"/>
  <testcase name="minimizeFlyOutWindow" time="1.054" classname="com.sgtesting.assignment6.Scenario1"/>
  <testcase name="createUser" time="9.865" classname="com.sgtesting.assignment6.Scenario1"/>
  <testcase name="deleteUser" time="4.271" classname="com.sgtesting.assignment6.Scenario1"/>
  <testcase name="logout" time="2.47" classname="com.sgtesting.assignment6.Scenario1"/>
  <testcase name="closeApplication" time="0.09" classname="com.sgtesting.assignment6.Scenario1"/>
  <testcase name="launchBrowser" time="1.252" classname="com.sgtesting.assignment6.Scenario2"/>
  <testcase name="navigate" time="2.706" classname="com.sgtesting.assignment6.Scenario2"/>
  <testcase name="login" time="4.327" classname="com.sgtesting.assignment6.Scenario2"/>
  <testcase name="minimizeFlyOutWindow" time="1.071" classname="com.sgtesting.assignment6.Scenario2"/>
  <testcase name="createUser" time="7.759" classname="com.sgtesting.assignment6.Scenario2"/>
  <testcase name="modifyUser" time="6.941" classname="com.sgtesting.assignment6.Scenario2"/>
  <testcase name="deleteUser" time="4.305" classname="com.sgtesting.assignment6.Scenario2"/>
  <testcase name="logout" time="2.5" classname="com.sgtesting.assignment6.Scenario2"/>
  <testcase name="closeApplication" time="0.077" classname="com.sgtesting.assignment6.Scenario2"/>
  <testcase name="launchBrowser" time="1.354" classname="com.sgtesting.assignment6.Scenario3"/>
  <testcase name="navigate" time="2.731" classname="com.sgtesting.assignment6.Scenario3"/>
  <testcase name="login" time="4.334" classname="com.sgtesting.assignment6.Scenario3"/>
  <testcase name="minimizeFlyOutWindow" time="1.07" classname="com.sgtesting.assignment6.Scenario3"/>
  <testcase name="createCustomer" time="7.802" classname="com.sgtesting.assignment6.Scenario3"/>
  <testcase name="deleteCustomer" time="8.619" classname="com.sgtesting.assignment6.Scenario3"/>
  <testcase name="logout" time="2.291" classname="com.sgtesting.assignment6.Scenario3"/>
  <testcase name="closeApplication" time="0.085" classname="com.sgtesting.assignment6.Scenario3"/>
  <testcase name="launchBrowser" time="1.27" classname="com.sgtesting.assignment6.Scenario4"/>
  <testcase name="navigate" time="2.716" classname="com.sgtesting.assignment6.Scenario4"/>
  <testcase name="login" time="4.386" classname="com.sgtesting.assignment6.Scenario4"/>
  <testcase name="minimizeFlyOutWindow" time="1.057" classname="com.sgtesting.assignment6.Scenario4"/>
  <testcase name="createCustomer" time="7.777" classname="com.sgtesting.assignment6.Scenario4"/>
  <testcase name="modifyCustomer" time="6.25" classname="com.sgtesting.assignment6.Scenario4"/>
  <testcase name="deleteCustomer" time="8.871" classname="com.sgtesting.assignment6.Scenario4"/>
  <testcase name="logout" time="2.246" classname="com.sgtesting.assignment6.Scenario4"/>
  <testcase name="closeApplication" time="0.079" classname="com.sgtesting.assignment6.Scenario4"/>
  <testcase name="launchBrowser" time="1.357" classname="com.sgtesting.assignment6.Scenario5"/>
  <testcase name="navigate" time="2.757" classname="com.sgtesting.assignment6.Scenario5"/>
  <testcase name="login" time="4.343" classname="com.sgtesting.assignment6.Scenario5"/>
  <testcase name="minimizeFlyOutWindow" time="1.117" classname="com.sgtesting.assignment6.Scenario5"/>
  <testcase name="createCustomer" time="7.727" classname="com.sgtesting.assignment6.Scenario5"/>
  <testcase name="createProject" time="8.49" classname="com.sgtesting.assignment6.Scenario5"/>
  <testcase name="deleteProject" time="10.76" classname="com.sgtesting.assignment6.Scenario5"/>
  <testcase name="deleteCustomer" time="8.484" classname="com.sgtesting.assignment6.Scenario5"/>
  <testcase name="logout" time="2.266" classname="com.sgtesting.assignment6.Scenario5"/>
  <testcase name="closeApplication" time="0.084" classname="com.sgtesting.assignment6.Scenario5"/>
  <testcase name="launchBrowser" time="1.263" classname="com.sgtesting.assignment6.Scenario6"/>
  <testcase name="navigate" time="2.726" classname="com.sgtesting.assignment6.Scenario6"/>
  <testcase name="login" time="4.276" classname="com.sgtesting.assignment6.Scenario6"/>
  <testcase name="minimizeFlyOutWindow" time="1.091" classname="com.sgtesting.assignment6.Scenario6"/>
  <testcase name="createCustomer" time="7.831" classname="com.sgtesting.assignment6.Scenario6"/>
  <testcase name="createProject" time="8.579" classname="com.sgtesting.assignment6.Scenario6"/>
  <testcase name="modifyProject" time="6.712" classname="com.sgtesting.assignment6.Scenario6"/>
  <testcase name="deleteProject" time="10.743" classname="com.sgtesting.assignment6.Scenario6"/>
  <testcase name="deleteCustomer" time="8.607" classname="com.sgtesting.assignment6.Scenario6"/>
  <testcase name="logout" time="2.306" classname="com.sgtesting.assignment6.Scenario6"/>
  <testcase name="closeApplication" time="0.084" classname="com.sgtesting.assignment6.Scenario6"/>
  <testcase name="launchBrowser" time="1.267" classname="com.sgtesting.assignment6.Scenario7"/>
  <testcase name="navigate" time="2.77" classname="com.sgtesting.assignment6.Scenario7"/>
  <testcase name="login" time="4.384" classname="com.sgtesting.assignment6.Scenario7"/>
  <testcase name="minimizeFlyOutWindow" time="1.027" classname="com.sgtesting.assignment6.Scenario7"/>
  <testcase name="createCustomer" time="7.811" classname="com.sgtesting.assignment6.Scenario7"/>
  <testcase name="createProject" time="8.479" classname="com.sgtesting.assignment6.Scenario7"/>
  <testcase name="createTask" time="13.276" classname="com.sgtesting.assignment6.Scenario7"/>
  <testcase name="deleteTasks" time="7.645" classname="com.sgtesting.assignment6.Scenario7"/>
  <testcase name="deleteProject" time="10.91" classname="com.sgtesting.assignment6.Scenario7"/>
  <testcase name="deleteCustomer" time="8.514" classname="com.sgtesting.assignment6.Scenario7"/>
  <testcase name="logout" time="2.294" classname="com.sgtesting.assignment6.Scenario7"/>
  <testcase name="closeApplication" time="0.088" classname="com.sgtesting.assignment6.Scenario7"/>
</testsuite> <!-- Assignment No-5 -->
