<?xml version="1.0" encoding="UTF-8"?>
<!-- Generated by org.testng.reporters.JUnitReportReporter -->
<testsuite skipped="0" hostname="DESKTOP-IR0K7AC" name="com.sgtesting.testscripts.ScenarioCreateUser" tests="8" failures="0" timestamp="01 Jun 2021 12:46:27 GMT" time="35.451" errors="0">
  <testcase name="launchBrowser" time="2.759" classname="com.sgtesting.testscripts.ScenarioCreateUser"/>
  <testcase name="navigate" time="5.221" classname="com.sgtesting.testscripts.ScenarioCreateUser"/>
  <testcase name="login" time="2.254" classname="com.sgtesting.testscripts.ScenarioCreateUser"/>
  <testcase name="minimizeFlyOutWindow" time="1.071" classname="com.sgtesting.testscripts.ScenarioCreateUser"/>
  <testcase name="createUser" time="14.350" classname="com.sgtesting.testscripts.ScenarioCreateUser"/>
  <testcase name="deleteUser" time="7.285" classname="com.sgtesting.testscripts.ScenarioCreateUser"/>
  <testcase name="logout" time="2.300" classname="com.sgtesting.testscripts.ScenarioCreateUser"/>
  <testcase name="closeApplication" time="0.211" classname="com.sgtesting.testscripts.ScenarioCreateUser"/>
</testsuite> <!-- com.sgtesting.testscripts.ScenarioCreateUser -->
