<?xml version="1.0" encoding="UTF-8"?>
<testng-results skipped="0" failed="0" ignored="0" total="67" passed="67">
  <reporter-output>
  </reporter-output>
  <suite name="TestNG Automation" duration-ms="290786" started-at="2021-06-03T12:31:02 IST" finished-at="2021-06-03T12:35:52 IST">
    <groups>
    </groups>
    <test name="Assignment No-5" duration-ms="290786" started-at="2021-06-03T12:31:02 IST" finished-at="2021-06-03T12:35:52 IST">
      <class name="com.sgtesting.assignment6.Scenario5">
        <test-method status="PASS" signature="launchBrowser()[pri:1, instance:com.sgtesting.assignment6.Scenario5@77ec78b9]" name="launchBrowser" duration-ms="1357" started-at="2021-06-03T12:33:02 IST" finished-at="2021-06-03T12:33:04 IST">
          <reporter-output>
          </reporter-output>
        </test-method> <!-- launchBrowser -->
        <test-method status="PASS" signature="navigate()[pri:2, instance:com.sgtesting.assignment6.Scenario5@77ec78b9]" name="navigate" duration-ms="2757" started-at="2021-06-03T12:33:04 IST" finished-at="2021-06-03T12:33:06 IST">
          <reporter-output>
          </reporter-output>
        </test-method> <!-- navigate -->
        <test-method status="PASS" signature="login()[pri:3, instance:com.sgtesting.assignment6.Scenario5@77ec78b9]" name="login" duration-ms="4343" started-at="2021-06-03T12:33:06 IST" finished-at="2021-06-03T12:33:11 IST">
          <reporter-output>
          </reporter-output>
        </test-method> <!-- login -->
        <test-method status="PASS" signature="minimizeFlyOutWindow()[pri:4, instance:com.sgtesting.assignment6.Scenario5@77ec78b9]" name="minimizeFlyOutWindow" duration-ms="1117" started-at="2021-06-03T12:33:11 IST" finished-at="2021-06-03T12:33:12 IST">
          <reporter-output>
          </reporter-output>
        </test-method> <!-- minimizeFlyOutWindow -->
        <test-method status="PASS" signature="createCustomer()[pri:5, instance:com.sgtesting.assignment6.Scenario5@77ec78b9]" name="createCustomer" duration-ms="7727" started-at="2021-06-03T12:33:12 IST" finished-at="2021-06-03T12:33:20 IST">
          <reporter-output>
          </reporter-output>
        </test-method> <!-- createCustomer -->
        <test-method status="PASS" signature="createProject()[pri:6, instance:com.sgtesting.assignment6.Scenario5@77ec78b9]" name="createProject" duration-ms="8490" started-at="2021-06-03T12:33:20 IST" finished-at="2021-06-03T12:33:28 IST">
          <reporter-output>
          </reporter-output>
        </test-method> <!-- createProject -->
        <test-method status="PASS" signature="deleteProject()[pri:7, instance:com.sgtesting.assignment6.Scenario5@77ec78b9]" name="deleteProject" duration-ms="10760" started-at="2021-06-03T12:33:28 IST" finished-at="2021-06-03T12:33:39 IST">
          <reporter-output>
          </reporter-output>
        </test-method> <!-- deleteProject -->
        <test-method status="PASS" signature="deleteCustomer()[pri:8, instance:com.sgtesting.assignment6.Scenario5@77ec78b9]" name="deleteCustomer" duration-ms="8484" started-at="2021-06-03T12:33:39 IST" finished-at="2021-06-03T12:33:47 IST">
          <reporter-output>
          </reporter-output>
        </test-method> <!-- deleteCustomer -->
        <test-method status="PASS" signature="logout()[pri:9, instance:com.sgtesting.assignment6.Scenario5@77ec78b9]" name="logout" duration-ms="2266" started-at="2021-06-03T12:33:47 IST" finished-at="2021-06-03T12:33:50 IST">
          <reporter-output>
          </reporter-output>
        </test-method> <!-- logout -->
        <test-method status="PASS" signature="closeApplication()[pri:10, instance:com.sgtesting.assignment6.Scenario5@77ec78b9]" name="closeApplication" duration-ms="84" started-at="2021-06-03T12:33:50 IST" finished-at="2021-06-03T12:33:50 IST">
          <reporter-output>
          </reporter-output>
        </test-method> <!-- closeApplication -->
      </class> <!-- com.sgtesting.assignment6.Scenario5 -->
      <class name="com.sgtesting.assignment6.Scenario4">
        <test-method status="PASS" signature="launchBrowser()[pri:1, instance:com.sgtesting.assignment6.Scenario4@1e7c7811]" name="launchBrowser" duration-ms="1270" started-at="2021-06-03T12:32:28 IST" finished-at="2021-06-03T12:32:29 IST">
          <reporter-output>
          </reporter-output>
        </test-method> <!-- launchBrowser -->
        <test-method status="PASS" signature="navigate()[pri:2, instance:com.sgtesting.assignment6.Scenario4@1e7c7811]" name="navigate" duration-ms="2716" started-at="2021-06-03T12:32:29 IST" finished-at="2021-06-03T12:32:32 IST">
          <reporter-output>
          </reporter-output>
        </test-method> <!-- navigate -->
        <test-method status="PASS" signature="login()[pri:3, instance:com.sgtesting.assignment6.Scenario4@1e7c7811]" name="login" duration-ms="4386" started-at="2021-06-03T12:32:32 IST" finished-at="2021-06-03T12:32:36 IST">
          <reporter-output>
          </reporter-output>
        </test-method> <!-- login -->
        <test-method status="PASS" signature="minimizeFlyOutWindow()[pri:4, instance:com.sgtesting.assignment6.Scenario4@1e7c7811]" name="minimizeFlyOutWindow" duration-ms="1057" started-at="2021-06-03T12:32:36 IST" finished-at="2021-06-03T12:32:37 IST">
          <reporter-output>
          </reporter-output>
        </test-method> <!-- minimizeFlyOutWindow -->
        <test-method status="PASS" signature="createCustomer()[pri:5, instance:com.sgtesting.assignment6.Scenario4@1e7c7811]" name="createCustomer" duration-ms="7777" started-at="2021-06-03T12:32:37 IST" finished-at="2021-06-03T12:32:45 IST">
          <reporter-output>
          </reporter-output>
        </test-method> <!-- createCustomer -->
        <test-method status="PASS" signature="modifyCustomer()[pri:6, instance:com.sgtesting.assignment6.Scenario4@1e7c7811]" name="modifyCustomer" duration-ms="6250" started-at="2021-06-03T12:32:45 IST" finished-at="2021-06-03T12:32:51 IST">
          <reporter-output>
          </reporter-output>
        </test-method> <!-- modifyCustomer -->
        <test-method status="PASS" signature="deleteCustomer()[pri:7, instance:com.sgtesting.assignment6.Scenario4@1e7c7811]" name="deleteCustomer" duration-ms="8871" started-at="2021-06-03T12:32:51 IST" finished-at="2021-06-03T12:33:00 IST">
          <reporter-output>
          </reporter-output>
        </test-method> <!-- deleteCustomer -->
        <test-method status="PASS" signature="logout()[pri:8, instance:com.sgtesting.assignment6.Scenario4@1e7c7811]" name="logout" duration-ms="2246" started-at="2021-06-03T12:33:00 IST" finished-at="2021-06-03T12:33:02 IST">
          <reporter-output>
          </reporter-output>
        </test-method> <!-- logout -->
        <test-method status="PASS" signature="closeApplication()[pri:9, instance:com.sgtesting.assignment6.Scenario4@1e7c7811]" name="closeApplication" duration-ms="79" started-at="2021-06-03T12:33:02 IST" finished-at="2021-06-03T12:33:02 IST">
          <reporter-output>
          </reporter-output>
        </test-method> <!-- closeApplication -->
      </class> <!-- com.sgtesting.assignment6.Scenario4 -->
      <class name="com.sgtesting.assignment6.Scenario7">
        <test-method status="PASS" signature="launchBrowser()[pri:1, instance:com.sgtesting.assignment6.Scenario7@a38d7a3]" name="launchBrowser" duration-ms="1267" started-at="2021-06-03T12:34:44 IST" finished-at="2021-06-03T12:34:45 IST">
          <reporter-output>
          </reporter-output>
        </test-method> <!-- launchBrowser -->
        <test-method status="PASS" signature="navigate()[pri:2, instance:com.sgtesting.assignment6.Scenario7@a38d7a3]" name="navigate" duration-ms="2770" started-at="2021-06-03T12:34:45 IST" finished-at="2021-06-03T12:34:48 IST">
          <reporter-output>
          </reporter-output>
        </test-method> <!-- navigate -->
        <test-method status="PASS" signature="login()[pri:3, instance:com.sgtesting.assignment6.Scenario7@a38d7a3]" name="login" duration-ms="4384" started-at="2021-06-03T12:34:48 IST" finished-at="2021-06-03T12:34:52 IST">
          <reporter-output>
          </reporter-output>
        </test-method> <!-- login -->
        <test-method status="PASS" signature="minimizeFlyOutWindow()[pri:4, instance:com.sgtesting.assignment6.Scenario7@a38d7a3]" name="minimizeFlyOutWindow" duration-ms="1027" started-at="2021-06-03T12:34:52 IST" finished-at="2021-06-03T12:34:53 IST">
          <reporter-output>
          </reporter-output>
        </test-method> <!-- minimizeFlyOutWindow -->
        <test-method status="PASS" signature="createCustomer()[pri:5, instance:com.sgtesting.assignment6.Scenario7@a38d7a3]" name="createCustomer" duration-ms="7811" started-at="2021-06-03T12:34:53 IST" finished-at="2021-06-03T12:35:01 IST">
          <reporter-output>
          </reporter-output>
        </test-method> <!-- createCustomer -->
        <test-method status="PASS" signature="createProject()[pri:6, instance:com.sgtesting.assignment6.Scenario7@a38d7a3]" name="createProject" duration-ms="8479" started-at="2021-06-03T12:35:01 IST" finished-at="2021-06-03T12:35:10 IST">
          <reporter-output>
          </reporter-output>
        </test-method> <!-- createProject -->
        <test-method status="PASS" signature="createTask()[pri:7, instance:com.sgtesting.assignment6.Scenario7@a38d7a3]" name="createTask" duration-ms="13276" started-at="2021-06-03T12:35:10 IST" finished-at="2021-06-03T12:35:23 IST">
          <reporter-output>
          </reporter-output>
        </test-method> <!-- createTask -->
        <test-method status="PASS" signature="deleteTasks()[pri:8, instance:com.sgtesting.assignment6.Scenario7@a38d7a3]" name="deleteTasks" duration-ms="7645" started-at="2021-06-03T12:35:23 IST" finished-at="2021-06-03T12:35:31 IST">
          <reporter-output>
          </reporter-output>
        </test-method> <!-- deleteTasks -->
        <test-method status="PASS" signature="deleteProject()[pri:9, instance:com.sgtesting.assignment6.Scenario7@a38d7a3]" name="deleteProject" duration-ms="10910" started-at="2021-06-03T12:35:31 IST" finished-at="2021-06-03T12:35:42 IST">
          <reporter-output>
          </reporter-output>
        </test-method> <!-- deleteProject -->
        <test-method status="PASS" signature="deleteCustomer()[pri:10, instance:com.sgtesting.assignment6.Scenario7@a38d7a3]" name="deleteCustomer" duration-ms="8514" started-at="2021-06-03T12:35:42 IST" finished-at="2021-06-03T12:35:50 IST">
          <reporter-output>
          </reporter-output>
        </test-method> <!-- deleteCustomer -->
        <test-method status="PASS" signature="logout()[pri:11, instance:com.sgtesting.assignment6.Scenario7@a38d7a3]" name="logout" duration-ms="2294" started-at="2021-06-03T12:35:50 IST" finished-at="2021-06-03T12:35:52 IST">
          <reporter-output>
          </reporter-output>
        </test-method> <!-- logout -->
        <test-method status="PASS" signature="closeApplication()[pri:12, instance:com.sgtesting.assignment6.Scenario7@a38d7a3]" name="closeApplication" duration-ms="88" started-at="2021-06-03T12:35:52 IST" finished-at="2021-06-03T12:35:52 IST">
          <reporter-output>
          </reporter-output>
        </test-method> <!-- closeApplication -->
      </class> <!-- com.sgtesting.assignment6.Scenario7 -->
      <class name="com.sgtesting.assignment6.Scenario6">
        <test-method status="PASS" signature="launchBrowser()[pri:1, instance:com.sgtesting.assignment6.Scenario6@1a3869f4]" name="launchBrowser" duration-ms="1263" started-at="2021-06-03T12:33:50 IST" finished-at="2021-06-03T12:33:51 IST">
          <reporter-output>
          </reporter-output>
        </test-method> <!-- launchBrowser -->
        <test-method status="PASS" signature="navigate()[pri:2, instance:com.sgtesting.assignment6.Scenario6@1a3869f4]" name="navigate" duration-ms="2726" started-at="2021-06-03T12:33:51 IST" finished-at="2021-06-03T12:33:54 IST">
          <reporter-output>
          </reporter-output>
        </test-method> <!-- navigate -->
        <test-method status="PASS" signature="login()[pri:3, instance:com.sgtesting.assignment6.Scenario6@1a3869f4]" name="login" duration-ms="4276" started-at="2021-06-03T12:33:54 IST" finished-at="2021-06-03T12:33:58 IST">
          <reporter-output>
          </reporter-output>
        </test-method> <!-- login -->
        <test-method status="PASS" signature="minimizeFlyOutWindow()[pri:4, instance:com.sgtesting.assignment6.Scenario6@1a3869f4]" name="minimizeFlyOutWindow" duration-ms="1091" started-at="2021-06-03T12:33:58 IST" finished-at="2021-06-03T12:33:59 IST">
          <reporter-output>
          </reporter-output>
        </test-method> <!-- minimizeFlyOutWindow -->
        <test-method status="PASS" signature="createCustomer()[pri:5, instance:com.sgtesting.assignment6.Scenario6@1a3869f4]" name="createCustomer" duration-ms="7831" started-at="2021-06-03T12:33:59 IST" finished-at="2021-06-03T12:34:07 IST">
          <reporter-output>
          </reporter-output>
        </test-method> <!-- createCustomer -->
        <test-method status="PASS" signature="createProject()[pri:6, instance:com.sgtesting.assignment6.Scenario6@1a3869f4]" name="createProject" duration-ms="8579" started-at="2021-06-03T12:34:07 IST" finished-at="2021-06-03T12:34:16 IST">
          <reporter-output>
          </reporter-output>
        </test-method> <!-- createProject -->
        <test-method status="PASS" signature="modifyProject()[pri:7, instance:com.sgtesting.assignment6.Scenario6@1a3869f4]" name="modifyProject" duration-ms="6712" started-at="2021-06-03T12:34:16 IST" finished-at="2021-06-03T12:34:22 IST">
          <reporter-output>
          </reporter-output>
        </test-method> <!-- modifyProject -->
        <test-method status="PASS" signature="deleteProject()[pri:8, instance:com.sgtesting.assignment6.Scenario6@1a3869f4]" name="deleteProject" duration-ms="10743" started-at="2021-06-03T12:34:22 IST" finished-at="2021-06-03T12:34:33 IST">
          <reporter-output>
          </reporter-output>
        </test-method> <!-- deleteProject -->
        <test-method status="PASS" signature="deleteCustomer()[pri:9, instance:com.sgtesting.assignment6.Scenario6@1a3869f4]" name="deleteCustomer" duration-ms="8607" started-at="2021-06-03T12:34:33 IST" finished-at="2021-06-03T12:34:42 IST">
          <reporter-output>
          </reporter-output>
        </test-method> <!-- deleteCustomer -->
        <test-method status="PASS" signature="logout()[pri:10, instance:com.sgtesting.assignment6.Scenario6@1a3869f4]" name="logout" duration-ms="2306" started-at="2021-06-03T12:34:42 IST" finished-at="2021-06-03T12:34:44 IST">
          <reporter-output>
          </reporter-output>
        </test-method> <!-- logout -->
        <test-method status="PASS" signature="closeApplication()[pri:11, instance:com.sgtesting.assignment6.Scenario6@1a3869f4]" name="closeApplication" duration-ms="84" started-at="2021-06-03T12:34:44 IST" finished-at="2021-06-03T12:34:44 IST">
          <reporter-output>
          </reporter-output>
        </test-method> <!-- closeApplication -->
      </class> <!-- com.sgtesting.assignment6.Scenario6 -->
      <class name="com.sgtesting.assignment6.Scenario1">
        <test-method status="PASS" signature="launchBrowser()[pri:1, instance:com.sgtesting.assignment6.Scenario1@5bcea91b]" name="launchBrowser" duration-ms="1980" started-at="2021-06-03T12:31:02 IST" finished-at="2021-06-03T12:31:04 IST">
          <reporter-output>
          </reporter-output>
        </test-method> <!-- launchBrowser -->
        <test-method status="PASS" signature="navigate()[pri:2, instance:com.sgtesting.assignment6.Scenario1@5bcea91b]" name="navigate" duration-ms="2717" started-at="2021-06-03T12:31:04 IST" finished-at="2021-06-03T12:31:06 IST">
          <reporter-output>
          </reporter-output>
        </test-method> <!-- navigate -->
        <test-method status="PASS" signature="login()[pri:3, instance:com.sgtesting.assignment6.Scenario1@5bcea91b]" name="login" duration-ms="4237" started-at="2021-06-03T12:31:06 IST" finished-at="2021-06-03T12:31:11 IST">
          <reporter-output>
          </reporter-output>
        </test-method> <!-- login -->
        <test-method status="PASS" signature="minimizeFlyOutWindow()[pri:4, instance:com.sgtesting.assignment6.Scenario1@5bcea91b]" name="minimizeFlyOutWindow" duration-ms="1054" started-at="2021-06-03T12:31:11 IST" finished-at="2021-06-03T12:31:12 IST">
          <reporter-output>
          </reporter-output>
        </test-method> <!-- minimizeFlyOutWindow -->
        <test-method status="PASS" signature="createUser()[pri:5, instance:com.sgtesting.assignment6.Scenario1@5bcea91b]" name="createUser" duration-ms="9865" started-at="2021-06-03T12:31:12 IST" finished-at="2021-06-03T12:31:22 IST">
          <reporter-output>
          </reporter-output>
        </test-method> <!-- createUser -->
        <test-method status="PASS" signature="deleteUser()[pri:6, instance:com.sgtesting.assignment6.Scenario1@5bcea91b]" name="deleteUser" duration-ms="4271" started-at="2021-06-03T12:31:22 IST" finished-at="2021-06-03T12:31:26 IST">
          <reporter-output>
          </reporter-output>
        </test-method> <!-- deleteUser -->
        <test-method status="PASS" signature="logout()[pri:7, instance:com.sgtesting.assignment6.Scenario1@5bcea91b]" name="logout" duration-ms="2470" started-at="2021-06-03T12:31:26 IST" finished-at="2021-06-03T12:31:28 IST">
          <reporter-output>
          </reporter-output>
        </test-method> <!-- logout -->
        <test-method status="PASS" signature="closeApplication()[pri:8, instance:com.sgtesting.assignment6.Scenario1@5bcea91b]" name="closeApplication" duration-ms="90" started-at="2021-06-03T12:31:28 IST" finished-at="2021-06-03T12:31:28 IST">
          <reporter-output>
          </reporter-output>
        </test-method> <!-- closeApplication -->
      </class> <!-- com.sgtesting.assignment6.Scenario1 -->
      <class name="com.sgtesting.assignment6.Scenario3">
        <test-method status="PASS" signature="launchBrowser()[pri:1, instance:com.sgtesting.assignment6.Scenario3@7a3d45bd]" name="launchBrowser" duration-ms="1354" started-at="2021-06-03T12:31:59 IST" finished-at="2021-06-03T12:32:01 IST">
          <reporter-output>
          </reporter-output>
        </test-method> <!-- launchBrowser -->
        <test-method status="PASS" signature="navigate()[pri:2, instance:com.sgtesting.assignment6.Scenario3@7a3d45bd]" name="navigate" duration-ms="2731" started-at="2021-06-03T12:32:01 IST" finished-at="2021-06-03T12:32:03 IST">
          <reporter-output>
          </reporter-output>
        </test-method> <!-- navigate -->
        <test-method status="PASS" signature="login()[pri:3, instance:com.sgtesting.assignment6.Scenario3@7a3d45bd]" name="login" duration-ms="4334" started-at="2021-06-03T12:32:03 IST" finished-at="2021-06-03T12:32:08 IST">
          <reporter-output>
          </reporter-output>
        </test-method> <!-- login -->
        <test-method status="PASS" signature="minimizeFlyOutWindow()[pri:4, instance:com.sgtesting.assignment6.Scenario3@7a3d45bd]" name="minimizeFlyOutWindow" duration-ms="1070" started-at="2021-06-03T12:32:08 IST" finished-at="2021-06-03T12:32:09 IST">
          <reporter-output>
          </reporter-output>
        </test-method> <!-- minimizeFlyOutWindow -->
        <test-method status="PASS" signature="createCustomer()[pri:5, instance:com.sgtesting.assignment6.Scenario3@7a3d45bd]" name="createCustomer" duration-ms="7802" started-at="2021-06-03T12:32:09 IST" finished-at="2021-06-03T12:32:17 IST">
          <reporter-output>
          </reporter-output>
        </test-method> <!-- createCustomer -->
        <test-method status="PASS" signature="deleteCustomer()[pri:6, instance:com.sgtesting.assignment6.Scenario3@7a3d45bd]" name="deleteCustomer" duration-ms="8619" started-at="2021-06-03T12:32:17 IST" finished-at="2021-06-03T12:32:25 IST">
          <reporter-output>
          </reporter-output>
        </test-method> <!-- deleteCustomer -->
        <test-method status="PASS" signature="logout()[pri:7, instance:com.sgtesting.assignment6.Scenario3@7a3d45bd]" name="logout" duration-ms="2291" started-at="2021-06-03T12:32:25 IST" finished-at="2021-06-03T12:32:28 IST">
          <reporter-output>
          </reporter-output>
        </test-method> <!-- logout -->
        <test-method status="PASS" signature="closeApplication()[pri:8, instance:com.sgtesting.assignment6.Scenario3@7a3d45bd]" name="closeApplication" duration-ms="85" started-at="2021-06-03T12:32:28 IST" finished-at="2021-06-03T12:32:28 IST">
          <reporter-output>
          </reporter-output>
        </test-method> <!-- closeApplication -->
      </class> <!-- com.sgtesting.assignment6.Scenario3 -->
      <class name="com.sgtesting.assignment6.Scenario2">
        <test-method status="PASS" signature="launchBrowser()[pri:1, instance:com.sgtesting.assignment6.Scenario2@50d0686]" name="launchBrowser" duration-ms="1252" started-at="2021-06-03T12:31:28 IST" finished-at="2021-06-03T12:31:30 IST">
          <reporter-output>
          </reporter-output>
        </test-method> <!-- launchBrowser -->
        <test-method status="PASS" signature="navigate()[pri:2, instance:com.sgtesting.assignment6.Scenario2@50d0686]" name="navigate" duration-ms="2706" started-at="2021-06-03T12:31:30 IST" finished-at="2021-06-03T12:31:32 IST">
          <reporter-output>
          </reporter-output>
        </test-method> <!-- navigate -->
        <test-method status="PASS" signature="login()[pri:3, instance:com.sgtesting.assignment6.Scenario2@50d0686]" name="login" duration-ms="4327" started-at="2021-06-03T12:31:32 IST" finished-at="2021-06-03T12:31:37 IST">
          <reporter-output>
          </reporter-output>
        </test-method> <!-- login -->
        <test-method status="PASS" signature="minimizeFlyOutWindow()[pri:4, instance:com.sgtesting.assignment6.Scenario2@50d0686]" name="minimizeFlyOutWindow" duration-ms="1071" started-at="2021-06-03T12:31:37 IST" finished-at="2021-06-03T12:31:38 IST">
          <reporter-output>
          </reporter-output>
        </test-method> <!-- minimizeFlyOutWindow -->
        <test-method status="PASS" signature="createUser()[pri:5, instance:com.sgtesting.assignment6.Scenario2@50d0686]" name="createUser" duration-ms="7759" started-at="2021-06-03T12:31:38 IST" finished-at="2021-06-03T12:31:46 IST">
          <reporter-output>
          </reporter-output>
        </test-method> <!-- createUser -->
        <test-method status="PASS" signature="modifyUser()[pri:6, instance:com.sgtesting.assignment6.Scenario2@50d0686]" name="modifyUser" duration-ms="6941" started-at="2021-06-03T12:31:46 IST" finished-at="2021-06-03T12:31:52 IST">
          <reporter-output>
          </reporter-output>
        </test-method> <!-- modifyUser -->
        <test-method status="PASS" signature="deleteUser()[pri:7, instance:com.sgtesting.assignment6.Scenario2@50d0686]" name="deleteUser" duration-ms="4305" started-at="2021-06-03T12:31:52 IST" finished-at="2021-06-03T12:31:57 IST">
          <reporter-output>
          </reporter-output>
        </test-method> <!-- deleteUser -->
        <test-method status="PASS" signature="logout()[pri:8, instance:com.sgtesting.assignment6.Scenario2@50d0686]" name="logout" duration-ms="2500" started-at="2021-06-03T12:31:57 IST" finished-at="2021-06-03T12:31:59 IST">
          <reporter-output>
          </reporter-output>
        </test-method> <!-- logout -->
        <test-method status="PASS" signature="closeApplication()[pri:9, instance:com.sgtesting.assignment6.Scenario2@50d0686]" name="closeApplication" duration-ms="77" started-at="2021-06-03T12:31:59 IST" finished-at="2021-06-03T12:31:59 IST">
          <reporter-output>
          </reporter-output>
        </test-method> <!-- closeApplication -->
      </class> <!-- com.sgtesting.assignment6.Scenario2 -->
    </test> <!-- Assignment No-5 -->
  </suite> <!-- TestNG Automation -->
</testng-results>
